2023-04-09 00:41:04.970408 [info]: GET /index.html HTTP/1.0
2023-04-09 00:41:06.436330 [info]: GET /index.html HTTP/1.0
2023-04-10 00:41:06.436500 [info]: deal with the client(127.0.0.1)
2023-04-09 16:41:09.083469 [info]: GET /index.html HTTP/1.0
2023-04-09 16:41:09.282116 [info]: GET /index.html HTTP/1.0
2023-04-09 16:41:09.320955 [info]: request:HTTP/1.1 400 Bad Request
Content-Length: 68
Content-Type:text/html
Connection: close

2023-04-09 16:45:41.893725 [info]: request:HTTP/1.1 400 Bad Request
Content-Length: 68
Content-Type:text/html
Connection: close

Your request has bad syntax or is inherently impossible to satisfy.

2023-04-10 00:45:41.893881 [info]: request:HTTP/1.1 400 Bad Request

2023-04-10 00:45:41.893795 [info]: request:HTTP/1.1 400 Bad Request
Content-Length: 68
Content-Type:text/html
Connection: close

2023-04-09 16:45:53.599341 [info]: request:HTTP/1.1 400 Bad Request
Content-Length: 68
Content-Type:text/html
Connection: close

2023-04-09 00:45:56.547591 [info]: time out. close fd: 26
2023-04-09 00:45:56.968276 [info]: request:HTTP/1.1 400 Bad Request
Content-Length: 68
Content-Type:text/html

2023-04-09 16:47:36.426850 [info]: request:HTTP/1.1 400 Bad Request
Content-Length: 68
Content-Type:text/html
Connection: close


2023-04-09 16:47:37.231928 [info]: time out. close fd: 13
2023-04-09 16:47:38.739305 [info]: request:HTTP/1.1 400 Bad Request

2023-04-09 00:47:39.252847 [info]: time out. close fd: 15
2023-04-09 16:47:39.379483 [info]: adjust timer once
2023-04-10 00:47:39.379599 [info]: request:HTTP/1.1 400 Bad Request
Content-Length: 68
Content-Type:text/html
Connection: close

2023-04-09 16:47:39.610005 [info]: GET /index.html HTTP/1.0
2023-04-09 16:47:40.006861 [info]: request:HTTP/1.1 400 Bad Request
Content-Length: 68
Content-Type:text/html
Connection: close


2023-04-09 16:47:40.196232 [info]: request:HTTP/1.1 400 Bad Request

2023-04-09 16:48:10.450341 [info]: request:HTTP/1.1 400 Bad Request
Content-Length: 68
Content-Type:text/html
Connection: close

Your request has bad syntax or is inherently impossible to satisfy.

2023-04-09 16:48:11.825797 [info]: request:HTTP/1.1 400 Bad Request

2023-04-09 00:48:11.841324 [info]: adjust timer once
2023-04-09 00:48:12.476673 [info]: request:HTTP/1.1 400 Bad Request
Content-Length: 68

2023-04-09 16:48:12.763513 [info]: GET /index.html HTTP/1.0
2023-04-10 00:48:12.763238 [info]: request:HTTP/1.1 400 Bad Request

2023-04-09 16:48:12.978904 [info]: request:HTTP/1.1 400 Bad Request
Content-Length: 68
Content-Type:text/html
Connection: close

2023-04-10 00:48:12.979030 [info]: deal with the client(127.0.0.1)
2023-04-09 00:48:13.861292 [info]: request:HTTP/1.1 400 Bad Request
Content-Length: 68
Content-Type:text/html
Connection: close

